<?xml version="1.0" encoding="UTF-8"?>
<testng-results skipped="0" failed="0" ignored="0" total="1" passed="1">
  <reporter-output>
  </reporter-output>
  <suite name="Default suite" duration-ms="3107" started-at="2018-12-04T17:02:19Z" finished-at="2018-12-04T17:02:22Z">
    <groups>
    </groups>
    <test name="Default test" duration-ms="3107" started-at="2018-12-04T17:02:19Z" finished-at="2018-12-04T17:02:22Z">
      <class name="hello.WordControllerTest">
        <test-method status="PASS" signature="setBaseUri()[pri:0, instance:hello.WordControllerTest@370736d9]" name="setBaseUri" is-config="true" duration-ms="742" started-at="2018-12-04T17:02:19Z" finished-at="2018-12-04T17:02:20Z">
          <reporter-output>
          </reporter-output>
        </test-method> <!-- setBaseUri -->
        <test-method status="PASS" signature="testStatusCode()[pri:0, instance:hello.WordControllerTest@370736d9]" name="testStatusCode" duration-ms="2320" started-at="2018-12-04T17:02:20Z" finished-at="2018-12-04T17:02:22Z">
          <reporter-output>
          </reporter-output>
        </test-method> <!-- testStatusCode -->
      </class> <!-- hello.WordControllerTest -->
    </test> <!-- Default test -->
  </suite> <!-- Default suite -->
</testng-results>
